{"/home/korrea/WWW/gobarber/appgobarber/src/components/Button/index.tsx": {"path":"/home/korrea/WWW/gobarber/appgobarber/src/components/Button/index.tsx","statementMap":{"0":{"start":{"line":11,"column":38},"end":{"line":15,"column":1}},"1":{"start":{"line":12,"column":2},"end":{"line":14,"column":14}}},"fnMap":{"0":{"name":"(anonymous_0)","decl":{"start":{"line":11,"column":38},"end":{"line":11,"column":39}},"loc":{"start":{"line":12,"column":2},"end":{"line":14,"column":14}},"line":12}},"branchMap":{},"s":{"0":1,"1":1},"f":{"0":1},"b":{},"_coverageSchema":"1a1c01bbd47fc00a2c39e90264f33305004495a9","hash":"2363db8d08bbf262644fd1d49581f0098cec6347"}
,"/home/korrea/WWW/gobarber/appgobarber/src/components/Input/index.tsx": {"path":"/home/korrea/WWW/gobarber/appgobarber/src/components/Input/index.tsx","statementMap":{"0":{"start":{"line":27,"column":68},"end":{"line":94,"column":1}},"1":{"start":{"line":31,"column":26},"end":{"line":31,"column":43}},"2":{"start":{"line":32,"column":65},"end":{"line":32,"column":79}},"3":{"start":{"line":33,"column":24},"end":{"line":33,"column":76}},"4":{"start":{"line":35,"column":36},"end":{"line":35,"column":51}},"5":{"start":{"line":36,"column":34},"end":{"line":36,"column":49}},"6":{"start":{"line":38,"column":27},"end":{"line":40,"column":8}},"7":{"start":{"line":39,"column":4},"end":{"line":39,"column":23}},"8":{"start":{"line":42,"column":26},"end":{"line":50,"column":8}},"9":{"start":{"line":43,"column":4},"end":{"line":43,"column":24}},"10":{"start":{"line":45,"column":4},"end":{"line":49,"column":5}},"11":{"start":{"line":46,"column":6},"end":{"line":46,"column":24}},"12":{"start":{"line":48,"column":6},"end":{"line":48,"column":25}},"13":{"start":{"line":52,"column":2},"end":{"line":56,"column":6}},"14":{"start":{"line":52,"column":34},"end":{"line":56,"column":3}},"15":{"start":{"line":54,"column":6},"end":{"line":54,"column":38}},"16":{"start":{"line":58,"column":2},"end":{"line":72,"column":33}},"17":{"start":{"line":59,"column":4},"end":{"line":71,"column":7}},"18":{"start":{"line":64,"column":8},"end":{"line":64,"column":44}},"19":{"start":{"line":65,"column":8},"end":{"line":65,"column":64}},"20":{"start":{"line":68,"column":8},"end":{"line":68,"column":41}},"21":{"start":{"line":69,"column":8},"end":{"line":69,"column":40}},"22":{"start":{"line":73,"column":2},"end":{"line":93,"column":4}},"23":{"start":{"line":88,"column":10},"end":{"line":88,"column":46}}},"fnMap":{"0":{"name":"(anonymous_0)","decl":{"start":{"line":27,"column":68},"end":{"line":27,"column":69}},"loc":{"start":{"line":30,"column":5},"end":{"line":94,"column":1}},"line":30},"1":{"name":"(anonymous_1)","decl":{"start":{"line":38,"column":39},"end":{"line":38,"column":40}},"loc":{"start":{"line":38,"column":45},"end":{"line":40,"column":3}},"line":38},"2":{"name":"(anonymous_2)","decl":{"start":{"line":42,"column":38},"end":{"line":42,"column":39}},"loc":{"start":{"line":42,"column":44},"end":{"line":50,"column":3}},"line":42},"3":{"name":"(anonymous_3)","decl":{"start":{"line":52,"column":27},"end":{"line":52,"column":28}},"loc":{"start":{"line":52,"column":34},"end":{"line":56,"column":3}},"line":52},"4":{"name":"(anonymous_4)","decl":{"start":{"line":53,"column":4},"end":{"line":53,"column":5}},"loc":{"start":{"line":53,"column":12},"end":{"line":55,"column":5}},"line":53},"5":{"name":"(anonymous_5)","decl":{"start":{"line":58,"column":12},"end":{"line":58,"column":13}},"loc":{"start":{"line":58,"column":18},"end":{"line":72,"column":3}},"line":58},"6":{"name":"(anonymous_6)","decl":{"start":{"line":63,"column":6},"end":{"line":63,"column":7}},"loc":{"start":{"line":63,"column":32},"end":{"line":66,"column":7}},"line":63},"7":{"name":"(anonymous_7)","decl":{"start":{"line":67,"column":6},"end":{"line":67,"column":7}},"loc":{"start":{"line":67,"column":19},"end":{"line":70,"column":7}},"line":67},"8":{"name":"(anonymous_8)","decl":{"start":{"line":87,"column":22},"end":{"line":87,"column":23}},"loc":{"start":{"line":87,"column":33},"end":{"line":89,"column":9}},"line":87}},"branchMap":{"0":{"loc":{"start":{"line":28,"column":16},"end":{"line":28,"column":35}},"type":"default-arg","locations":[{"start":{"line":28,"column":33},"end":{"line":28,"column":35}}],"line":28},"1":{"loc":{"start":{"line":32,"column":25},"end":{"line":32,"column":42}},"type":"default-arg","locations":[{"start":{"line":32,"column":40},"end":{"line":32,"column":42}}],"line":32},"2":{"loc":{"start":{"line":45,"column":4},"end":{"line":49,"column":5}},"type":"if","locations":[{"start":{"line":45,"column":4},"end":{"line":49,"column":5}},{"start":{"line":45,"column":4},"end":{"line":49,"column":5}}],"line":45},"3":{"loc":{"start":{"line":78,"column":15},"end":{"line":78,"column":60}},"type":"cond-expr","locations":[{"start":{"line":78,"column":39},"end":{"line":78,"column":48}},{"start":{"line":78,"column":51},"end":{"line":78,"column":60}}],"line":78},"4":{"loc":{"start":{"line":78,"column":15},"end":{"line":78,"column":36}},"type":"binary-expr","locations":[{"start":{"line":78,"column":15},"end":{"line":78,"column":24}},{"start":{"line":78,"column":28},"end":{"line":78,"column":36}}],"line":78}},"s":{"0":1,"1":2,"2":2,"3":2,"4":2,"5":2,"6":2,"7":0,"8":2,"9":0,"10":0,"11":0,"12":0,"13":2,"14":1,"15":0,"16":2,"17":2,"18":0,"19":0,"20":0,"21":0,"22":2,"23":0},"f":{"0":2,"1":0,"2":0,"3":1,"4":0,"5":2,"6":0,"7":0,"8":0},"b":{"0":[2],"1":[2],"2":[0,0],"3":[0,2],"4":[2,2]},"_coverageSchema":"1a1c01bbd47fc00a2c39e90264f33305004495a9","hash":"ccca1807e3c0b154a043097796f1f9e1c472f678"}
,"/home/korrea/WWW/gobarber/appgobarber/src/hooks/auth.tsx": {"path":"/home/korrea/WWW/gobarber/appgobarber/src/hooks/auth.tsx","statementMap":{"0":{"start":{"line":36,"column":20},"end":{"line":36,"column":73}},"1":{"start":{"line":38,"column":31},"end":{"line":91,"column":1}},"2":{"start":{"line":39,"column":26},"end":{"line":39,"column":62}},"3":{"start":{"line":40,"column":32},"end":{"line":40,"column":46}},"4":{"start":{"line":41,"column":2},"end":{"line":54,"column":9}},"5":{"start":{"line":43,"column":28},"end":{"line":46,"column":8}},"6":{"start":{"line":47,"column":6},"end":{"line":50,"column":7}},"7":{"start":{"line":48,"column":8},"end":{"line":48,"column":66}},"8":{"start":{"line":49,"column":8},"end":{"line":49,"column":64}},"9":{"start":{"line":51,"column":6},"end":{"line":51,"column":24}},"10":{"start":{"line":53,"column":4},"end":{"line":53,"column":22}},"11":{"start":{"line":55,"column":17},"end":{"line":69,"column":8}},"12":{"start":{"line":56,"column":21},"end":{"line":59,"column":6}},"13":{"start":{"line":61,"column":28},"end":{"line":61,"column":41}},"14":{"start":{"line":63,"column":4},"end":{"line":66,"column":7}},"15":{"start":{"line":67,"column":4},"end":{"line":67,"column":59}},"16":{"start":{"line":68,"column":4},"end":{"line":68,"column":29}},"17":{"start":{"line":71,"column":18},"end":{"line":75,"column":8}},"18":{"start":{"line":72,"column":4},"end":{"line":72,"column":74}},"19":{"start":{"line":74,"column":4},"end":{"line":74,"column":29}},"20":{"start":{"line":77,"column":21},"end":{"line":83,"column":27}},"21":{"start":{"line":78,"column":4},"end":{"line":78,"column":71}},"22":{"start":{"line":79,"column":4},"end":{"line":82,"column":7}},"23":{"start":{"line":86,"column":2},"end":{"line":90,"column":4}},"24":{"start":{"line":94,"column":18},"end":{"line":94,"column":41}},"25":{"start":{"line":96,"column":2},"end":{"line":98,"column":3}},"26":{"start":{"line":97,"column":4},"end":{"line":97,"column":67}},"27":{"start":{"line":99,"column":2},"end":{"line":99,"column":17}}},"fnMap":{"0":{"name":"(anonymous_0)","decl":{"start":{"line":38,"column":31},"end":{"line":38,"column":32}},"loc":{"start":{"line":38,"column":49},"end":{"line":91,"column":1}},"line":38},"1":{"name":"(anonymous_1)","decl":{"start":{"line":41,"column":12},"end":{"line":41,"column":13}},"loc":{"start":{"line":41,"column":18},"end":{"line":54,"column":3}},"line":41},"2":{"name":"loadStorageData","decl":{"start":{"line":42,"column":19},"end":{"line":42,"column":34}},"loc":{"start":{"line":42,"column":52},"end":{"line":52,"column":5}},"line":42},"3":{"name":"(anonymous_3)","decl":{"start":{"line":55,"column":29},"end":{"line":55,"column":30}},"loc":{"start":{"line":55,"column":60},"end":{"line":69,"column":3}},"line":55},"4":{"name":"(anonymous_4)","decl":{"start":{"line":71,"column":30},"end":{"line":71,"column":31}},"loc":{"start":{"line":71,"column":42},"end":{"line":75,"column":3}},"line":71},"5":{"name":"(anonymous_5)","decl":{"start":{"line":77,"column":33},"end":{"line":77,"column":34}},"loc":{"start":{"line":77,"column":55},"end":{"line":83,"column":3}},"line":77},"6":{"name":"useAuth","decl":{"start":{"line":93,"column":9},"end":{"line":93,"column":16}},"loc":{"start":{"line":93,"column":36},"end":{"line":100,"column":1}},"line":93}},"branchMap":{"0":{"loc":{"start":{"line":47,"column":6},"end":{"line":50,"column":7}},"type":"if","locations":[{"start":{"line":47,"column":6},"end":{"line":50,"column":7}},{"start":{"line":47,"column":6},"end":{"line":50,"column":7}}],"line":47},"1":{"loc":{"start":{"line":47,"column":10},"end":{"line":47,"column":29}},"type":"binary-expr","locations":[{"start":{"line":47,"column":10},"end":{"line":47,"column":18}},{"start":{"line":47,"column":22},"end":{"line":47,"column":29}}],"line":47},"2":{"loc":{"start":{"line":96,"column":2},"end":{"line":98,"column":3}},"type":"if","locations":[{"start":{"line":96,"column":2},"end":{"line":98,"column":3}},{"start":{"line":96,"column":2},"end":{"line":98,"column":3}}],"line":96}},"s":{"0":1,"1":1,"2":0,"3":0,"4":0,"5":0,"6":0,"7":0,"8":0,"9":0,"10":0,"11":0,"12":0,"13":0,"14":0,"15":0,"16":0,"17":0,"18":0,"19":0,"20":0,"21":0,"22":0,"23":0,"24":1,"25":1,"26":0,"27":1},"f":{"0":0,"1":0,"2":0,"3":0,"4":0,"5":0,"6":1},"b":{"0":[0,0],"1":[0,0],"2":[0,1]},"_coverageSchema":"1a1c01bbd47fc00a2c39e90264f33305004495a9","hash":"5ec1fc41fda74a063d4765e2efbfc35e7c1d23be"}
,"/home/korrea/WWW/gobarber/appgobarber/src/pages/AppointmentCreated/index.tsx": {"path":"/home/korrea/WWW/gobarber/appgobarber/src/pages/AppointmentCreated/index.tsx","statementMap":{"0":{"start":{"line":20,"column":37},"end":{"line":55,"column":1}},"1":{"start":{"line":21,"column":22},"end":{"line":21,"column":37}},"2":{"start":{"line":22,"column":23},"end":{"line":22,"column":33}},"3":{"start":{"line":24,"column":24},"end":{"line":24,"column":45}},"4":{"start":{"line":26,"column":26},"end":{"line":32,"column":26}},"5":{"start":{"line":27,"column":8},"end":{"line":31,"column":9}},"6":{"start":{"line":34,"column":28},"end":{"line":43,"column":15}},"7":{"start":{"line":35,"column":8},"end":{"line":42,"column":10}},"8":{"start":{"line":45,"column":4},"end":{"line":54,"column":6}}},"fnMap":{"0":{"name":"(anonymous_0)","decl":{"start":{"line":20,"column":37},"end":{"line":20,"column":38}},"loc":{"start":{"line":20,"column":43},"end":{"line":55,"column":1}},"line":20},"1":{"name":"(anonymous_1)","decl":{"start":{"line":26,"column":34},"end":{"line":26,"column":35}},"loc":{"start":{"line":26,"column":40},"end":{"line":32,"column":5}},"line":26},"2":{"name":"(anonymous_2)","decl":{"start":{"line":34,"column":40},"end":{"line":34,"column":41}},"loc":{"start":{"line":34,"column":46},"end":{"line":43,"column":5}},"line":34}},"branchMap":{},"s":{"0":0,"1":0,"2":0,"3":0,"4":0,"5":0,"6":0,"7":0,"8":0},"f":{"0":0,"1":0,"2":0},"b":{}}
,"/home/korrea/WWW/gobarber/appgobarber/src/pages/CreateAppointment/index.tsx": {"path":"/home/korrea/WWW/gobarber/appgobarber/src/pages/CreateAppointment/index.tsx","statementMap":{"0":{"start":{"line":49,"column":36},"end":{"line":242,"column":1}},"1":{"start":{"line":50,"column":21},"end":{"line":50,"column":30}},"2":{"start":{"line":51,"column":18},"end":{"line":51,"column":28}},"3":{"start":{"line":52,"column":33},"end":{"line":52,"column":48}},"4":{"start":{"line":53,"column":24},"end":{"line":53,"column":51}},"5":{"start":{"line":55,"column":44},"end":{"line":55,"column":76}},"6":{"start":{"line":56,"column":48},"end":{"line":56,"column":63}},"7":{"start":{"line":57,"column":44},"end":{"line":57,"column":64}},"8":{"start":{"line":58,"column":44},"end":{"line":58,"column":55}},"9":{"start":{"line":59,"column":37},"end":{"line":59,"column":61}},"10":{"start":{"line":60,"column":52},"end":{"line":60,"column":84}},"11":{"start":{"line":62,"column":4},"end":{"line":66,"column":10}},"12":{"start":{"line":63,"column":8},"end":{"line":65,"column":10}},"13":{"start":{"line":64,"column":12},"end":{"line":64,"column":38}},"14":{"start":{"line":68,"column":4},"end":{"line":78,"column":40}},"15":{"start":{"line":69,"column":8},"end":{"line":77,"column":10}},"16":{"start":{"line":76,"column":12},"end":{"line":76,"column":43}},"17":{"start":{"line":80,"column":25},"end":{"line":82,"column":16}},"18":{"start":{"line":81,"column":8},"end":{"line":81,"column":17}},"19":{"start":{"line":84,"column":33},"end":{"line":86,"column":10}},"20":{"start":{"line":85,"column":8},"end":{"line":85,"column":40}},"21":{"start":{"line":88,"column":35},"end":{"line":90,"column":10}},"22":{"start":{"line":89,"column":8},"end":{"line":89,"column":43}},"23":{"start":{"line":89,"column":35},"end":{"line":89,"column":41}},"24":{"start":{"line":92,"column":30},"end":{"line":99,"column":10}},"25":{"start":{"line":93,"column":8},"end":{"line":95,"column":9}},"26":{"start":{"line":94,"column":12},"end":{"line":94,"column":37}},"27":{"start":{"line":96,"column":8},"end":{"line":98,"column":9}},"28":{"start":{"line":97,"column":12},"end":{"line":97,"column":34}},"29":{"start":{"line":100,"column":29},"end":{"line":102,"column":10}},"30":{"start":{"line":101,"column":8},"end":{"line":101,"column":30}},"31":{"start":{"line":104,"column":36},"end":{"line":122,"column":64}},"32":{"start":{"line":105,"column":8},"end":{"line":121,"column":9}},"33":{"start":{"line":106,"column":25},"end":{"line":106,"column":47}},"34":{"start":{"line":108,"column":12},"end":{"line":108,"column":40}},"35":{"start":{"line":109,"column":12},"end":{"line":109,"column":31}},"36":{"start":{"line":111,"column":12},"end":{"line":114,"column":14}},"37":{"start":{"line":115,"column":12},"end":{"line":115,"column":69}},"38":{"start":{"line":117,"column":12},"end":{"line":120,"column":13}},"39":{"start":{"line":124,"column":32},"end":{"line":134,"column":22}},"40":{"start":{"line":125,"column":8},"end":{"line":133,"column":14}},"41":{"start":{"line":126,"column":34},"end":{"line":126,"column":43}},"42":{"start":{"line":128,"column":16},"end":{"line":132,"column":17}},"43":{"start":{"line":135,"column":34},"end":{"line":145,"column":22}},"44":{"start":{"line":136,"column":8},"end":{"line":144,"column":14}},"45":{"start":{"line":137,"column":34},"end":{"line":137,"column":44}},"46":{"start":{"line":139,"column":16},"end":{"line":143,"column":17}},"47":{"start":{"line":146,"column":4},"end":{"line":241,"column":6}},"48":{"start":{"line":163,"column":50},"end":{"line":163,"column":61}},"49":{"start":{"line":165,"column":28},"end":{"line":173,"column":48}},"50":{"start":{"line":166,"column":47},"end":{"line":166,"column":80}},"51":{"start":{"line":203,"column":32},"end":{"line":211,"column":39}},"52":{"start":{"line":208,"column":51},"end":{"line":208,"column":73}},"53":{"start":{"line":221,"column":32},"end":{"line":229,"column":39}},"54":{"start":{"line":226,"column":51},"end":{"line":226,"column":73}}},"fnMap":{"0":{"name":"(anonymous_0)","decl":{"start":{"line":49,"column":36},"end":{"line":49,"column":37}},"loc":{"start":{"line":49,"column":42},"end":{"line":242,"column":1}},"line":49},"1":{"name":"(anonymous_1)","decl":{"start":{"line":62,"column":14},"end":{"line":62,"column":15}},"loc":{"start":{"line":62,"column":20},"end":{"line":66,"column":5}},"line":62},"2":{"name":"(anonymous_2)","decl":{"start":{"line":63,"column":34},"end":{"line":63,"column":35}},"loc":{"start":{"line":63,"column":48},"end":{"line":65,"column":9}},"line":63},"3":{"name":"(anonymous_3)","decl":{"start":{"line":68,"column":14},"end":{"line":68,"column":15}},"loc":{"start":{"line":68,"column":20},"end":{"line":78,"column":5}},"line":68},"4":{"name":"(anonymous_4)","decl":{"start":{"line":75,"column":16},"end":{"line":75,"column":17}},"loc":{"start":{"line":75,"column":28},"end":{"line":77,"column":9}},"line":75},"5":{"name":"(anonymous_5)","decl":{"start":{"line":80,"column":37},"end":{"line":80,"column":38}},"loc":{"start":{"line":80,"column":43},"end":{"line":82,"column":5}},"line":80},"6":{"name":"(anonymous_6)","decl":{"start":{"line":84,"column":45},"end":{"line":84,"column":46}},"loc":{"start":{"line":84,"column":69},"end":{"line":86,"column":5}},"line":84},"7":{"name":"(anonymous_7)","decl":{"start":{"line":88,"column":47},"end":{"line":88,"column":48}},"loc":{"start":{"line":88,"column":53},"end":{"line":90,"column":5}},"line":88},"8":{"name":"(anonymous_8)","decl":{"start":{"line":89,"column":26},"end":{"line":89,"column":27}},"loc":{"start":{"line":89,"column":35},"end":{"line":89,"column":41}},"line":89},"9":{"name":"(anonymous_9)","decl":{"start":{"line":92,"column":42},"end":{"line":92,"column":43}},"loc":{"start":{"line":92,"column":82},"end":{"line":99,"column":5}},"line":92},"10":{"name":"(anonymous_10)","decl":{"start":{"line":100,"column":41},"end":{"line":100,"column":42}},"loc":{"start":{"line":100,"column":59},"end":{"line":102,"column":5}},"line":100},"11":{"name":"(anonymous_11)","decl":{"start":{"line":104,"column":48},"end":{"line":104,"column":49}},"loc":{"start":{"line":104,"column":60},"end":{"line":122,"column":5}},"line":104},"12":{"name":"(anonymous_12)","decl":{"start":{"line":124,"column":40},"end":{"line":124,"column":41}},"loc":{"start":{"line":124,"column":46},"end":{"line":134,"column":5}},"line":124},"13":{"name":"(anonymous_13)","decl":{"start":{"line":126,"column":20},"end":{"line":126,"column":21}},"loc":{"start":{"line":126,"column":34},"end":{"line":126,"column":43}},"line":126},"14":{"name":"(anonymous_14)","decl":{"start":{"line":127,"column":17},"end":{"line":127,"column":18}},"loc":{"start":{"line":127,"column":42},"end":{"line":133,"column":13}},"line":127},"15":{"name":"(anonymous_15)","decl":{"start":{"line":135,"column":42},"end":{"line":135,"column":43}},"loc":{"start":{"line":135,"column":48},"end":{"line":145,"column":5}},"line":135},"16":{"name":"(anonymous_16)","decl":{"start":{"line":137,"column":20},"end":{"line":137,"column":21}},"loc":{"start":{"line":137,"column":34},"end":{"line":137,"column":44}},"line":137},"17":{"name":"(anonymous_17)","decl":{"start":{"line":138,"column":17},"end":{"line":138,"column":18}},"loc":{"start":{"line":138,"column":42},"end":{"line":144,"column":13}},"line":138},"18":{"name":"(anonymous_18)","decl":{"start":{"line":163,"column":38},"end":{"line":163,"column":39}},"loc":{"start":{"line":163,"column":50},"end":{"line":163,"column":61}},"line":163},"19":{"name":"(anonymous_19)","decl":{"start":{"line":164,"column":36},"end":{"line":164,"column":37}},"loc":{"start":{"line":165,"column":28},"end":{"line":173,"column":48}},"line":165},"20":{"name":"(anonymous_20)","decl":{"start":{"line":166,"column":41},"end":{"line":166,"column":42}},"loc":{"start":{"line":166,"column":47},"end":{"line":166,"column":80}},"line":166},"21":{"name":"(anonymous_21)","decl":{"start":{"line":202,"column":53},"end":{"line":202,"column":54}},"loc":{"start":{"line":203,"column":32},"end":{"line":211,"column":39}},"line":203},"22":{"name":"(anonymous_22)","decl":{"start":{"line":208,"column":45},"end":{"line":208,"column":46}},"loc":{"start":{"line":208,"column":51},"end":{"line":208,"column":73}},"line":208},"23":{"name":"(anonymous_23)","decl":{"start":{"line":220,"column":55},"end":{"line":220,"column":56}},"loc":{"start":{"line":221,"column":32},"end":{"line":229,"column":39}},"line":221},"24":{"name":"(anonymous_24)","decl":{"start":{"line":226,"column":45},"end":{"line":226,"column":46}},"loc":{"start":{"line":226,"column":51},"end":{"line":226,"column":73}},"line":226}},"branchMap":{"0":{"loc":{"start":{"line":93,"column":8},"end":{"line":95,"column":9}},"type":"if","locations":[{"start":{"line":93,"column":8},"end":{"line":95,"column":9}},{"start":{"line":93,"column":8},"end":{"line":95,"column":9}}],"line":93},"1":{"loc":{"start":{"line":96,"column":8},"end":{"line":98,"column":9}},"type":"if","locations":[{"start":{"line":96,"column":8},"end":{"line":98,"column":9}},{"start":{"line":96,"column":8},"end":{"line":98,"column":9}}],"line":96},"2":{"loc":{"start":{"line":182,"column":21},"end":{"line":190,"column":21}},"type":"binary-expr","locations":[{"start":{"line":182,"column":21},"end":{"line":182,"column":35}},{"start":{"line":183,"column":24},"end":{"line":189,"column":26}}],"line":182}},"s":{"0":0,"1":0,"2":0,"3":0,"4":0,"5":0,"6":0,"7":0,"8":0,"9":0,"10":0,"11":0,"12":0,"13":0,"14":0,"15":0,"16":0,"17":0,"18":0,"19":0,"20":0,"21":0,"22":0,"23":0,"24":0,"25":0,"26":0,"27":0,"28":0,"29":0,"30":0,"31":0,"32":0,"33":0,"34":0,"35":0,"36":0,"37":0,"38":0,"39":0,"40":0,"41":0,"42":0,"43":0,"44":0,"45":0,"46":0,"47":0,"48":0,"49":0,"50":0,"51":0,"52":0,"53":0,"54":0},"f":{"0":0,"1":0,"2":0,"3":0,"4":0,"5":0,"6":0,"7":0,"8":0,"9":0,"10":0,"11":0,"12":0,"13":0,"14":0,"15":0,"16":0,"17":0,"18":0,"19":0,"20":0,"21":0,"22":0,"23":0,"24":0},"b":{"0":[0,0],"1":[0,0],"2":[0,0]}}
,"/home/korrea/WWW/gobarber/appgobarber/src/pages/Dashboard/index.tsx": {"path":"/home/korrea/WWW/gobarber/appgobarber/src/pages/Dashboard/index.tsx","statementMap":{"0":{"start":{"line":31,"column":28},"end":{"line":94,"column":1}},"1":{"start":{"line":32,"column":35},"end":{"line":32,"column":59}},"2":{"start":{"line":33,"column":19},"end":{"line":33,"column":28}},"3":{"start":{"line":34,"column":23},"end":{"line":34,"column":38}},"4":{"start":{"line":36,"column":2},"end":{"line":40,"column":8}},"5":{"start":{"line":37,"column":4},"end":{"line":39,"column":6}},"6":{"start":{"line":38,"column":6},"end":{"line":38,"column":32}},"7":{"start":{"line":43,"column":28},"end":{"line":45,"column":16}},"8":{"start":{"line":44,"column":4},"end":{"line":44,"column":24}},"9":{"start":{"line":47,"column":38},"end":{"line":49,"column":16}},"10":{"start":{"line":48,"column":4},"end":{"line":48,"column":50}},"11":{"start":{"line":51,"column":2},"end":{"line":93,"column":4}},"12":{"start":{"line":65,"column":34},"end":{"line":65,"column":45}},"13":{"start":{"line":72,"column":10},"end":{"line":89,"column":30}},"14":{"start":{"line":72,"column":44},"end":{"line":72,"column":84}}},"fnMap":{"0":{"name":"(anonymous_0)","decl":{"start":{"line":31,"column":28},"end":{"line":31,"column":29}},"loc":{"start":{"line":31,"column":34},"end":{"line":94,"column":1}},"line":31},"1":{"name":"(anonymous_1)","decl":{"start":{"line":36,"column":12},"end":{"line":36,"column":13}},"loc":{"start":{"line":36,"column":18},"end":{"line":40,"column":3}},"line":36},"2":{"name":"(anonymous_2)","decl":{"start":{"line":37,"column":30},"end":{"line":37,"column":31}},"loc":{"start":{"line":37,"column":44},"end":{"line":39,"column":5}},"line":37},"3":{"name":"(anonymous_3)","decl":{"start":{"line":43,"column":40},"end":{"line":43,"column":41}},"loc":{"start":{"line":43,"column":46},"end":{"line":45,"column":3}},"line":43},"4":{"name":"(anonymous_4)","decl":{"start":{"line":47,"column":50},"end":{"line":47,"column":51}},"loc":{"start":{"line":47,"column":74},"end":{"line":49,"column":3}},"line":47},"5":{"name":"(anonymous_5)","decl":{"start":{"line":65,"column":22},"end":{"line":65,"column":23}},"loc":{"start":{"line":65,"column":34},"end":{"line":65,"column":45}},"line":65},"6":{"name":"(anonymous_6)","decl":{"start":{"line":71,"column":20},"end":{"line":71,"column":21}},"loc":{"start":{"line":72,"column":10},"end":{"line":89,"column":30}},"line":72},"7":{"name":"(anonymous_7)","decl":{"start":{"line":72,"column":38},"end":{"line":72,"column":39}},"loc":{"start":{"line":72,"column":44},"end":{"line":72,"column":84}},"line":72}},"branchMap":{},"s":{"0":0,"1":0,"2":0,"3":0,"4":0,"5":0,"6":0,"7":0,"8":0,"9":0,"10":0,"11":0,"12":0,"13":0,"14":0},"f":{"0":0,"1":0,"2":0,"3":0,"4":0,"5":0,"6":0,"7":0},"b":{}}
,"/home/korrea/WWW/gobarber/appgobarber/src/pages/Profile/index.tsx": {"path":"/home/korrea/WWW/gobarber/appgobarber/src/pages/Profile/index.tsx","statementMap":{"0":{"start":{"line":42,"column":26},"end":{"line":247,"column":1}},"1":{"start":{"line":43,"column":33},"end":{"line":43,"column":42}},"2":{"start":{"line":44,"column":20},"end":{"line":44,"column":45}},"3":{"start":{"line":45,"column":23},"end":{"line":45,"column":38}},"4":{"start":{"line":47,"column":26},"end":{"line":47,"column":49}},"5":{"start":{"line":48,"column":32},"end":{"line":48,"column":55}},"6":{"start":{"line":49,"column":29},"end":{"line":49,"column":52}},"7":{"start":{"line":50,"column":36},"end":{"line":50,"column":59}},"8":{"start":{"line":52,"column":25},"end":{"line":121,"column":5}},"9":{"start":{"line":54,"column":12},"end":{"line":118,"column":13}},"10":{"start":{"line":55,"column":16},"end":{"line":55,"column":47}},"11":{"start":{"line":57,"column":31},"end":{"line":75,"column":18}},"12":{"start":{"line":64,"column":53},"end":{"line":64,"column":65}},"13":{"start":{"line":70,"column":57},"end":{"line":70,"column":69}},"14":{"start":{"line":77,"column":16},"end":{"line":79,"column":19}},"15":{"start":{"line":88,"column":20},"end":{"line":88,"column":24}},"16":{"start":{"line":90,"column":33},"end":{"line":97,"column":23}},"17":{"start":{"line":99,"column":33},"end":{"line":99,"column":68}},"18":{"start":{"line":101,"column":16},"end":{"line":101,"column":42}},"19":{"start":{"line":103,"column":16},"end":{"line":103,"column":62}},"20":{"start":{"line":104,"column":16},"end":{"line":104,"column":36}},"21":{"start":{"line":106,"column":16},"end":{"line":112,"column":17}},"22":{"start":{"line":107,"column":35},"end":{"line":107,"column":59}},"23":{"start":{"line":109,"column":20},"end":{"line":109,"column":55}},"24":{"start":{"line":111,"column":20},"end":{"line":111,"column":27}},"25":{"start":{"line":114,"column":16},"end":{"line":117,"column":18}},"26":{"start":{"line":124,"column":31},"end":{"line":150,"column":29}},"27":{"start":{"line":125,"column":8},"end":{"line":149,"column":14}},"28":{"start":{"line":129,"column":16},"end":{"line":131,"column":17}},"29":{"start":{"line":130,"column":20},"end":{"line":130,"column":27}},"30":{"start":{"line":132,"column":16},"end":{"line":135,"column":17}},"31":{"start":{"line":133,"column":20},"end":{"line":133,"column":63}},"32":{"start":{"line":134,"column":20},"end":{"line":134,"column":27}},"33":{"start":{"line":137,"column":29},"end":{"line":137,"column":43}},"34":{"start":{"line":139,"column":16},"end":{"line":143,"column":18}},"35":{"start":{"line":145,"column":16},"end":{"line":147,"column":19}},"36":{"start":{"line":146,"column":20},"end":{"line":146,"column":49}},"37":{"start":{"line":152,"column":25},"end":{"line":154,"column":10}},"38":{"start":{"line":153,"column":8},"end":{"line":153,"column":28}},"39":{"start":{"line":155,"column":4},"end":{"line":246,"column":6}},"40":{"start":{"line":183,"column":36},"end":{"line":183,"column":67}},"41":{"start":{"line":197,"column":36},"end":{"line":197,"column":70}},"42":{"start":{"line":211,"column":36},"end":{"line":211,"column":70}},"43":{"start":{"line":223,"column":36},"end":{"line":223,"column":77}},"44":{"start":{"line":235,"column":36},"end":{"line":235,"column":66}},"45":{"start":{"line":238,"column":51},"end":{"line":238,"column":80}}},"fnMap":{"0":{"name":"(anonymous_0)","decl":{"start":{"line":42,"column":26},"end":{"line":42,"column":27}},"loc":{"start":{"line":42,"column":32},"end":{"line":247,"column":1}},"line":42},"1":{"name":"(anonymous_1)","decl":{"start":{"line":53,"column":8},"end":{"line":53,"column":9}},"loc":{"start":{"line":53,"column":41},"end":{"line":119,"column":9}},"line":53},"2":{"name":"(anonymous_2)","decl":{"start":{"line":64,"column":28},"end":{"line":64,"column":29}},"loc":{"start":{"line":64,"column":53},"end":{"line":64,"column":65}},"line":64},"3":{"name":"(anonymous_3)","decl":{"start":{"line":70,"column":32},"end":{"line":70,"column":33}},"loc":{"start":{"line":70,"column":57},"end":{"line":70,"column":69}},"line":70},"4":{"name":"(anonymous_4)","decl":{"start":{"line":124,"column":43},"end":{"line":124,"column":44}},"loc":{"start":{"line":124,"column":49},"end":{"line":150,"column":5}},"line":124},"5":{"name":"(anonymous_5)","decl":{"start":{"line":128,"column":12},"end":{"line":128,"column":13}},"loc":{"start":{"line":128,"column":26},"end":{"line":149,"column":13}},"line":128},"6":{"name":"(anonymous_6)","decl":{"start":{"line":145,"column":53},"end":{"line":145,"column":54}},"loc":{"start":{"line":145,"column":68},"end":{"line":147,"column":17}},"line":145},"7":{"name":"(anonymous_7)","decl":{"start":{"line":152,"column":37},"end":{"line":152,"column":38}},"loc":{"start":{"line":152,"column":43},"end":{"line":154,"column":5}},"line":152},"8":{"name":"(anonymous_8)","decl":{"start":{"line":182,"column":49},"end":{"line":182,"column":50}},"loc":{"start":{"line":182,"column":55},"end":{"line":184,"column":33}},"line":182},"9":{"name":"(anonymous_9)","decl":{"start":{"line":196,"column":49},"end":{"line":196,"column":50}},"loc":{"start":{"line":196,"column":55},"end":{"line":198,"column":33}},"line":196},"10":{"name":"(anonymous_10)","decl":{"start":{"line":210,"column":49},"end":{"line":210,"column":50}},"loc":{"start":{"line":210,"column":55},"end":{"line":212,"column":33}},"line":210},"11":{"name":"(anonymous_11)","decl":{"start":{"line":222,"column":49},"end":{"line":222,"column":50}},"loc":{"start":{"line":222,"column":55},"end":{"line":224,"column":33}},"line":222},"12":{"name":"(anonymous_12)","decl":{"start":{"line":234,"column":49},"end":{"line":234,"column":50}},"loc":{"start":{"line":234,"column":55},"end":{"line":236,"column":33}},"line":234},"13":{"name":"(anonymous_13)","decl":{"start":{"line":238,"column":45},"end":{"line":238,"column":46}},"loc":{"start":{"line":238,"column":51},"end":{"line":238,"column":80}},"line":238}},"branchMap":{"0":{"loc":{"start":{"line":93,"column":19},"end":{"line":97,"column":22}},"type":"cond-expr","locations":[{"start":{"line":93,"column":34},"end":{"line":97,"column":17}},{"start":{"line":97,"column":20},"end":{"line":97,"column":22}}],"line":93},"1":{"loc":{"start":{"line":106,"column":16},"end":{"line":112,"column":17}},"type":"if","locations":[{"start":{"line":106,"column":16},"end":{"line":112,"column":17}},{"start":{"line":106,"column":16},"end":{"line":112,"column":17}}],"line":106},"2":{"loc":{"start":{"line":129,"column":16},"end":{"line":131,"column":17}},"type":"if","locations":[{"start":{"line":129,"column":16},"end":{"line":131,"column":17}},{"start":{"line":129,"column":16},"end":{"line":131,"column":17}}],"line":129},"3":{"loc":{"start":{"line":132,"column":16},"end":{"line":135,"column":17}},"type":"if","locations":[{"start":{"line":132,"column":16},"end":{"line":135,"column":17}},{"start":{"line":132,"column":16},"end":{"line":135,"column":17}}],"line":132},"4":{"loc":{"start":{"line":132,"column":20},"end":{"line":132,"column":63}},"type":"binary-expr","locations":[{"start":{"line":132,"column":20},"end":{"line":132,"column":41}},{"start":{"line":132,"column":45},"end":{"line":132,"column":63}}],"line":132},"5":{"loc":{"start":{"line":159,"column":26},"end":{"line":159,"column":71}},"type":"cond-expr","locations":[{"start":{"line":159,"column":50},"end":{"line":159,"column":59}},{"start":{"line":159,"column":62},"end":{"line":159,"column":71}}],"line":159}},"s":{"0":0,"1":0,"2":0,"3":0,"4":0,"5":0,"6":0,"7":0,"8":0,"9":0,"10":0,"11":0,"12":0,"13":0,"14":0,"15":0,"16":0,"17":0,"18":0,"19":0,"20":0,"21":0,"22":0,"23":0,"24":0,"25":0,"26":0,"27":0,"28":0,"29":0,"30":0,"31":0,"32":0,"33":0,"34":0,"35":0,"36":0,"37":0,"38":0,"39":0,"40":0,"41":0,"42":0,"43":0,"44":0,"45":0},"f":{"0":0,"1":0,"2":0,"3":0,"4":0,"5":0,"6":0,"7":0,"8":0,"9":0,"10":0,"11":0,"12":0,"13":0},"b":{"0":[0,0],"1":[0,0],"2":[0,0],"3":[0,0],"4":[0,0],"5":[0,0]}}
,"/home/korrea/WWW/gobarber/appgobarber/src/pages/SignIn/index.tsx": {"path":"/home/korrea/WWW/gobarber/appgobarber/src/pages/SignIn/index.tsx","statementMap":{"0":{"start":{"line":37,"column":25},"end":{"line":132,"column":1}},"1":{"start":{"line":38,"column":18},"end":{"line":38,"column":43}},"2":{"start":{"line":39,"column":27},"end":{"line":39,"column":50}},"3":{"start":{"line":40,"column":21},"end":{"line":40,"column":36}},"4":{"start":{"line":42,"column":19},"end":{"line":42,"column":28}},"5":{"start":{"line":44,"column":23},"end":{"line":73,"column":3}},"6":{"start":{"line":46,"column":6},"end":{"line":70,"column":7}},"7":{"start":{"line":47,"column":8},"end":{"line":47,"column":39}},"8":{"start":{"line":48,"column":23},"end":{"line":53,"column":10}},"9":{"start":{"line":54,"column":8},"end":{"line":54,"column":57}},"10":{"start":{"line":55,"column":8},"end":{"line":58,"column":11}},"11":{"start":{"line":60,"column":8},"end":{"line":65,"column":9}},"12":{"start":{"line":61,"column":25},"end":{"line":61,"column":49}},"13":{"start":{"line":62,"column":10},"end":{"line":62,"column":30}},"14":{"start":{"line":63,"column":10},"end":{"line":63,"column":45}},"15":{"start":{"line":64,"column":10},"end":{"line":64,"column":17}},"16":{"start":{"line":66,"column":8},"end":{"line":69,"column":10}},"17":{"start":{"line":74,"column":2},"end":{"line":131,"column":4}},"18":{"start":{"line":98,"column":18},"end":{"line":98,"column":52}},"19":{"start":{"line":109,"column":18},"end":{"line":109,"column":48}},"20":{"start":{"line":115,"column":18},"end":{"line":115,"column":48}},"21":{"start":{"line":126,"column":42},"end":{"line":126,"column":71}}},"fnMap":{"0":{"name":"(anonymous_0)","decl":{"start":{"line":37,"column":25},"end":{"line":37,"column":26}},"loc":{"start":{"line":37,"column":31},"end":{"line":132,"column":1}},"line":37},"1":{"name":"(anonymous_1)","decl":{"start":{"line":45,"column":4},"end":{"line":45,"column":5}},"loc":{"start":{"line":45,"column":36},"end":{"line":71,"column":5}},"line":45},"2":{"name":"(anonymous_2)","decl":{"start":{"line":97,"column":33},"end":{"line":97,"column":34}},"loc":{"start":{"line":97,"column":39},"end":{"line":99,"column":17}},"line":97},"3":{"name":"(anonymous_3)","decl":{"start":{"line":108,"column":33},"end":{"line":108,"column":34}},"loc":{"start":{"line":108,"column":39},"end":{"line":110,"column":17}},"line":108},"4":{"name":"(anonymous_4)","decl":{"start":{"line":114,"column":25},"end":{"line":114,"column":26}},"loc":{"start":{"line":114,"column":31},"end":{"line":116,"column":17}},"line":114},"5":{"name":"(anonymous_5)","decl":{"start":{"line":120,"column":37},"end":{"line":120,"column":38}},"loc":{"start":{"line":120,"column":43},"end":{"line":120,"column":45}},"line":120},"6":{"name":"(anonymous_6)","decl":{"start":{"line":126,"column":36},"end":{"line":126,"column":37}},"loc":{"start":{"line":126,"column":42},"end":{"line":126,"column":71}},"line":126}},"branchMap":{"0":{"loc":{"start":{"line":60,"column":8},"end":{"line":65,"column":9}},"type":"if","locations":[{"start":{"line":60,"column":8},"end":{"line":65,"column":9}},{"start":{"line":60,"column":8},"end":{"line":65,"column":9}}],"line":60},"1":{"loc":{"start":{"line":78,"column":18},"end":{"line":78,"column":63}},"type":"cond-expr","locations":[{"start":{"line":78,"column":42},"end":{"line":78,"column":51}},{"start":{"line":78,"column":54},"end":{"line":78,"column":63}}],"line":78}},"s":{"0":1,"1":1,"2":1,"3":1,"4":1,"5":1,"6":0,"7":0,"8":0,"9":0,"10":0,"11":0,"12":0,"13":0,"14":0,"15":0,"16":0,"17":1,"18":0,"19":0,"20":0,"21":0},"f":{"0":1,"1":0,"2":0,"3":0,"4":0,"5":0,"6":0},"b":{"0":[0,0],"1":[1,0]},"_coverageSchema":"1a1c01bbd47fc00a2c39e90264f33305004495a9","hash":"5b44526851b15dfbe8191c542f01078b0485ff1f"}
,"/home/korrea/WWW/gobarber/appgobarber/src/pages/SignUp/index.tsx": {"path":"/home/korrea/WWW/gobarber/appgobarber/src/pages/SignUp/index.tsx","statementMap":{"0":{"start":{"line":34,"column":25},"end":{"line":153,"column":1}},"1":{"start":{"line":35,"column":18},"end":{"line":35,"column":43}},"2":{"start":{"line":36,"column":21},"end":{"line":36,"column":36}},"3":{"start":{"line":38,"column":24},"end":{"line":38,"column":47}},"4":{"start":{"line":39,"column":27},"end":{"line":39,"column":50}},"5":{"start":{"line":41,"column":23},"end":{"line":82,"column":3}},"6":{"start":{"line":43,"column":6},"end":{"line":79,"column":7}},"7":{"start":{"line":44,"column":8},"end":{"line":44,"column":39}},"8":{"start":{"line":46,"column":23},"end":{"line":52,"column":10}},"9":{"start":{"line":54,"column":8},"end":{"line":56,"column":11}},"10":{"start":{"line":58,"column":8},"end":{"line":58,"column":39}},"11":{"start":{"line":60,"column":8},"end":{"line":63,"column":10}},"12":{"start":{"line":65,"column":8},"end":{"line":65,"column":28}},"13":{"start":{"line":67,"column":8},"end":{"line":73,"column":9}},"14":{"start":{"line":68,"column":25},"end":{"line":68,"column":49}},"15":{"start":{"line":70,"column":10},"end":{"line":70,"column":45}},"16":{"start":{"line":72,"column":10},"end":{"line":72,"column":17}},"17":{"start":{"line":75,"column":8},"end":{"line":78,"column":10}},"18":{"start":{"line":84,"column":2},"end":{"line":152,"column":4}},"19":{"start":{"line":107,"column":18},"end":{"line":107,"column":49}},"20":{"start":{"line":121,"column":18},"end":{"line":121,"column":52}},"21":{"start":{"line":134,"column":18},"end":{"line":134,"column":48}},"22":{"start":{"line":138,"column":37},"end":{"line":138,"column":66}},"23":{"start":{"line":146,"column":35},"end":{"line":146,"column":54}}},"fnMap":{"0":{"name":"(anonymous_0)","decl":{"start":{"line":34,"column":25},"end":{"line":34,"column":26}},"loc":{"start":{"line":34,"column":31},"end":{"line":153,"column":1}},"line":34},"1":{"name":"(anonymous_1)","decl":{"start":{"line":42,"column":4},"end":{"line":42,"column":5}},"loc":{"start":{"line":42,"column":36},"end":{"line":80,"column":5}},"line":42},"2":{"name":"(anonymous_2)","decl":{"start":{"line":106,"column":33},"end":{"line":106,"column":34}},"loc":{"start":{"line":106,"column":39},"end":{"line":108,"column":17}},"line":106},"3":{"name":"(anonymous_3)","decl":{"start":{"line":120,"column":33},"end":{"line":120,"column":34}},"loc":{"start":{"line":120,"column":39},"end":{"line":122,"column":17}},"line":120},"4":{"name":"(anonymous_4)","decl":{"start":{"line":133,"column":33},"end":{"line":133,"column":34}},"loc":{"start":{"line":133,"column":39},"end":{"line":135,"column":17}},"line":133},"5":{"name":"(anonymous_5)","decl":{"start":{"line":138,"column":31},"end":{"line":138,"column":32}},"loc":{"start":{"line":138,"column":37},"end":{"line":138,"column":66}},"line":138},"6":{"name":"(anonymous_6)","decl":{"start":{"line":146,"column":29},"end":{"line":146,"column":30}},"loc":{"start":{"line":146,"column":35},"end":{"line":146,"column":54}},"line":146}},"branchMap":{"0":{"loc":{"start":{"line":67,"column":8},"end":{"line":73,"column":9}},"type":"if","locations":[{"start":{"line":67,"column":8},"end":{"line":73,"column":9}},{"start":{"line":67,"column":8},"end":{"line":73,"column":9}}],"line":67},"1":{"loc":{"start":{"line":88,"column":18},"end":{"line":88,"column":63}},"type":"cond-expr","locations":[{"start":{"line":88,"column":42},"end":{"line":88,"column":51}},{"start":{"line":88,"column":54},"end":{"line":88,"column":63}}],"line":88}},"s":{"0":0,"1":0,"2":0,"3":0,"4":0,"5":0,"6":0,"7":0,"8":0,"9":0,"10":0,"11":0,"12":0,"13":0,"14":0,"15":0,"16":0,"17":0,"18":0,"19":0,"20":0,"21":0,"22":0,"23":0},"f":{"0":0,"1":0,"2":0,"3":0,"4":0,"5":0,"6":0},"b":{"0":[0,0],"1":[0,0]}}
}
